<?xml version="1.0" encoding="UTF-8"?>
<beans xmlns="http://www.springframework.org/schema/beans"
       xmlns:xsi="http://www.w3.org/2001/XMLSchema-instance"
       xmlns:jpa="http://www.springframework.org/schema/data/jpa"
       xmlns:context="http://www.springframework.org/schema/context"
       xmlns:aop="http://www.springframework.org/schema/aop" xmlns:util="http://www.springframework.org/schema/util"
       xmlns:p="http://www.springframework.org/schema/p" xmlns:jdbc="http://www.springframework.org/schema/jdbc"
       xsi:schemaLocation="http://www.springframework.org/schema/beans 
        http://www.springframework.org/schema/beans/spring-beans.xsd
        http://www.springframework.org/schema/context
        http://www.springframework.org/schema/context/spring-context.xsd
        http://www.springframework.org/schema/aop
        http://www.springframework.org/schema/aop/spring-aop.xsd
        http://www.springframework.org/schema/util
        http://www.springframework.org/schema/util/spring-util.xsd
        http://www.springframework.org/schema/data/jpa
        http://www.springframework.org/schema/data/jpa/spring-jpa.xsd
        http://www.springframework.org/schema/jdbc 
		http://www.springframework.org/schema/jdbc/spring-jdbc.xsd">


    
        <context:annotation-config />


    <bean id="defaultProps" class="org.springframework.beans.factory.config.PropertiesFactoryBean">
        <property name="properties">
            <util:properties local-override="true">
                <prop key="cas_key">ohjausparametrit-service</prop>
                <prop key="cas_service">${cas.service.ohjausparametrit-service}</prop>
		<prop key="cas_callback_url">${cas.callback.ohjausparametrit-service}</prop>
                <prop key="spring_security_default_access">permitAll</prop>
            </util:properties>
        </property>
    </bean>

    <context:property-placeholder
        location="classpath:ohjausparametrit-service.properties, file:///${user.home:''}/oph-configuration/common.properties, file:///${user.home:''}/oph-configuration/ohjausparametrit-service.properties"
        ignore-resource-not-found="true" properties-ref="defaultProps"/>

    <!-- Turn on @Autowired, @PostConstruct etc support -->
    <bean class="org.springframework.beans.factory.annotation.AutowiredAnnotationBeanPostProcessor"/>
    <bean class="org.springframework.context.annotation.CommonAnnotationBeanPostProcessor"/>
    <!-- Activiti DS -->
    <bean id="activitiDataSource" class="org.springframework.jdbc.datasource.SimpleDriverDataSource">
        <property name="driverClass" value="org.h2.Driver" />
        <property name="url" value="jdbc:h2:mem:activiti;DB_CLOSE_DELAY=1000" />
        <property name="username" value="sa" />
        <property name="password" value="" />
    </bean>

    <import resource="classpath:META-INF/spring/context/ohjausparametrit-activiti-context.xml"/>
    <import resource="classpath:test-dao-context.xml"/>

</beans>
